<?xml version="1.0" encoding="UTF-8"?>
<coverage generated="1761927161751" clover="3.2.0">
  <project timestamp="1761927161752" name="All files">
    <metrics statements="50" coveredstatements="47" conditionals="30" coveredconditionals="28" methods="5" coveredmethods="4" elements="85" coveredelements="79" complexity="0" loc="50" ncloc="50" packages="1" files="1" classes="1"/>
    <file name="romanos.js" path="C:\Users\tecnored\Downloads\project-bolt-github-dtk36qc9\project\romanos.js">
      <metrics statements="50" coveredstatements="47" conditionals="30" coveredconditionals="28" methods="5" coveredmethods="4"/>
      <line num="1" count="1" type="stmt"/>
      <line num="2" count="1" type="stmt"/>
      <line num="3" count="1" type="cond" truecount="2" falsecount="0"/>
      <line num="6" count="1" type="stmt"/>
      <line num="7" count="6" type="stmt"/>
      <line num="8" count="6" type="cond" truecount="2" falsecount="0"/>
      <line num="9" count="1" type="stmt"/>
      <line num="12" count="5" type="stmt"/>
      <line num="13" count="5" type="cond" truecount="2" falsecount="0"/>
      <line num="14" count="2" type="stmt"/>
      <line num="17" count="3" type="stmt"/>
      <line num="21" count="1" type="stmt"/>
      <line num="22" count="8" type="stmt"/>
      <line num="23" count="8" type="cond" truecount="2" falsecount="0"/>
      <line num="24" count="2" type="stmt"/>
      <line num="27" count="6" type="stmt"/>
      <line num="28" count="6" type="cond" truecount="2" falsecount="0"/>
      <line num="29" count="3" type="stmt"/>
      <line num="32" count="3" type="stmt"/>
      <line num="36" count="43" type="cond" truecount="4" falsecount="0"/>
      <line num="37" count="4" type="stmt"/>
      <line num="40" count="39" type="stmt"/>
      <line num="41" count="39" type="stmt"/>
      <line num="51" count="39" type="stmt"/>
      <line num="52" count="39" type="cond" truecount="2" falsecount="0"/>
      <line num="53" count="6" type="stmt"/>
      <line num="56" count="33" type="stmt"/>
      <line num="57" count="33" type="stmt"/>
      <line num="58" count="104" type="stmt"/>
      <line num="59" count="104" type="stmt"/>
      <line num="61" count="104" type="cond" truecount="1" falsecount="1"/>
      <line num="62" count="0" type="stmt"/>
      <line num="65" count="104" type="cond" truecount="4" falsecount="0"/>
      <line num="66" count="24" type="stmt"/>
      <line num="68" count="80" type="stmt"/>
      <line num="72" count="33" type="stmt"/>
      <line num="76" count="42" type="cond" truecount="6" falsecount="0"/>
      <line num="77" count="11" type="stmt"/>
      <line num="80" count="31" type="stmt"/>
      <line num="81" count="31" type="stmt"/>
      <line num="83" count="31" type="stmt"/>
      <line num="84" count="31" type="stmt"/>
      <line num="85" count="403" type="stmt"/>
      <line num="86" count="80" type="stmt"/>
      <line num="87" count="80" type="stmt"/>
      <line num="91" count="31" type="stmt"/>
      <line num="94" count="1" type="cond" truecount="1" falsecount="1"/>
      <line num="95" count="0" type="stmt"/>
      <line num="96" count="0" type="stmt"/>
      <line num="101" count="1" type="stmt"/>
    </file>
  </project>
</coverage>
