{"C:\\Users\\tecnored\\Downloads\\project-bolt-github-dtk36qc9\\project\\romanos.js": {"path":"C:\\Users\\tecnored\\Downloads\\project-bolt-github-dtk36qc9\\project\\romanos.js","statementMap":{"0":{"start":{"line":1,"column":16},"end":{"line":1,"column":34}},"1":{"start":{"line":2,"column":12},"end":{"line":2,"column":21}},"2":{"start":{"line":3,"column":13},"end":{"line":3,"column":37}},"3":{"start":{"line":6,"column":0},"end":{"line":18,"column":3}},"4":{"start":{"line":7,"column":23},"end":{"line":7,"column":38}},"5":{"start":{"line":8,"column":2},"end":{"line":10,"column":3}},"6":{"start":{"line":9,"column":4},"end":{"line":9,"column":73}},"7":{"start":{"line":12,"column":23},"end":{"line":12,"column":50}},"8":{"start":{"line":13,"column":2},"end":{"line":15,"column":3}},"9":{"start":{"line":14,"column":4},"end":{"line":14,"column":70}},"10":{"start":{"line":17,"column":2},"end":{"line":17,"column":44}},"11":{"start":{"line":21,"column":0},"end":{"line":33,"column":3}},"12":{"start":{"line":22,"column":23},"end":{"line":22,"column":53}},"13":{"start":{"line":23,"column":2},"end":{"line":25,"column":3}},"14":{"start":{"line":24,"column":4},"end":{"line":24,"column":74}},"15":{"start":{"line":27,"column":23},"end":{"line":27,"column":50}},"16":{"start":{"line":28,"column":2},"end":{"line":30,"column":3}},"17":{"start":{"line":29,"column":4},"end":{"line":29,"column":71}},"18":{"start":{"line":32,"column":2},"end":{"line":32,"column":43}},"19":{"start":{"line":36,"column":2},"end":{"line":38,"column":3}},"20":{"start":{"line":37,"column":4},"end":{"line":37,"column":16}},"21":{"start":{"line":40,"column":21},"end":{"line":40,"column":40}},"22":{"start":{"line":41,"column":24},"end":{"line":49,"column":3}},"23":{"start":{"line":51,"column":26},"end":{"line":51,"column":84}},"24":{"start":{"line":52,"column":2},"end":{"line":54,"column":3}},"25":{"start":{"line":53,"column":4},"end":{"line":53,"column":16}},"26":{"start":{"line":56,"column":15},"end":{"line":56,"column":16}},"27":{"start":{"line":57,"column":2},"end":{"line":70,"column":3}},"28":{"start":{"line":57,"column":15},"end":{"line":57,"column":16}},"29":{"start":{"line":58,"column":20},"end":{"line":58,"column":48}},"30":{"start":{"line":59,"column":17},"end":{"line":59,"column":49}},"31":{"start":{"line":61,"column":4},"end":{"line":63,"column":5}},"32":{"start":{"line":62,"column":6},"end":{"line":62,"column":18}},"33":{"start":{"line":65,"column":4},"end":{"line":69,"column":5}},"34":{"start":{"line":66,"column":6},"end":{"line":66,"column":24}},"35":{"start":{"line":68,"column":6},"end":{"line":68,"column":24}},"36":{"start":{"line":72,"column":2},"end":{"line":72,"column":16}},"37":{"start":{"line":76,"column":2},"end":{"line":78,"column":3}},"38":{"start":{"line":77,"column":4},"end":{"line":77,"column":16}},"39":{"start":{"line":80,"column":17},"end":{"line":80,"column":71}},"40":{"start":{"line":81,"column":19},"end":{"line":81,"column":90}},"41":{"start":{"line":83,"column":15},"end":{"line":83,"column":17}},"42":{"start":{"line":84,"column":2},"end":{"line":89,"column":3}},"43":{"start":{"line":84,"column":15},"end":{"line":84,"column":16}},"44":{"start":{"line":85,"column":4},"end":{"line":88,"column":5}},"45":{"start":{"line":86,"column":6},"end":{"line":86,"column":28}},"46":{"start":{"line":87,"column":6},"end":{"line":87,"column":26}},"47":{"start":{"line":91,"column":2},"end":{"line":91,"column":16}},"48":{"start":{"line":94,"column":0},"end":{"line":98,"column":1}},"49":{"start":{"line":95,"column":2},"end":{"line":97,"column":5}},"50":{"start":{"line":96,"column":4},"end":{"line":96,"column":93}},"51":{"start":{"line":101,"column":0},"end":{"line":101,"column":55}}},"fnMap":{"0":{"name":"(anonymous_0)","decl":{"start":{"line":6,"column":16},"end":{"line":6,"column":17}},"loc":{"start":{"line":6,"column":30},"end":{"line":18,"column":1}},"line":6},"1":{"name":"(anonymous_1)","decl":{"start":{"line":21,"column":16},"end":{"line":21,"column":17}},"loc":{"start":{"line":21,"column":30},"end":{"line":33,"column":1}},"line":21},"2":{"name":"romanToArabic","decl":{"start":{"line":35,"column":9},"end":{"line":35,"column":22}},"loc":{"start":{"line":35,"column":30},"end":{"line":73,"column":1}},"line":35},"3":{"name":"arabicToRoman","decl":{"start":{"line":75,"column":9},"end":{"line":75,"column":22}},"loc":{"start":{"line":75,"column":31},"end":{"line":92,"column":1}},"line":75},"4":{"name":"(anonymous_4)","decl":{"start":{"line":95,"column":19},"end":{"line":95,"column":20}},"loc":{"start":{"line":95,"column":25},"end":{"line":97,"column":3}},"line":95}},"branchMap":{"0":{"loc":{"start":{"line":3,"column":13},"end":{"line":3,"column":37}},"type":"binary-expr","locations":[{"start":{"line":3,"column":13},"end":{"line":3,"column":29}},{"start":{"line":3,"column":33},"end":{"line":3,"column":37}}],"line":3},"1":{"loc":{"start":{"line":8,"column":2},"end":{"line":10,"column":3}},"type":"if","locations":[{"start":{"line":8,"column":2},"end":{"line":10,"column":3}},{"start":{},"end":{}}],"line":8},"2":{"loc":{"start":{"line":13,"column":2},"end":{"line":15,"column":3}},"type":"if","locations":[{"start":{"line":13,"column":2},"end":{"line":15,"column":3}},{"start":{},"end":{}}],"line":13},"3":{"loc":{"start":{"line":23,"column":2},"end":{"line":25,"column":3}},"type":"if","locations":[{"start":{"line":23,"column":2},"end":{"line":25,"column":3}},{"start":{},"end":{}}],"line":23},"4":{"loc":{"start":{"line":28,"column":2},"end":{"line":30,"column":3}},"type":"if","locations":[{"start":{"line":28,"column":2},"end":{"line":30,"column":3}},{"start":{},"end":{}}],"line":28},"5":{"loc":{"start":{"line":36,"column":2},"end":{"line":38,"column":3}},"type":"if","locations":[{"start":{"line":36,"column":2},"end":{"line":38,"column":3}},{"start":{},"end":{}}],"line":36},"6":{"loc":{"start":{"line":36,"column":6},"end":{"line":36,"column":41}},"type":"binary-expr","locations":[{"start":{"line":36,"column":6},"end":{"line":36,"column":12}},{"start":{"line":36,"column":16},"end":{"line":36,"column":41}}],"line":36},"7":{"loc":{"start":{"line":52,"column":2},"end":{"line":54,"column":3}},"type":"if","locations":[{"start":{"line":52,"column":2},"end":{"line":54,"column":3}},{"start":{},"end":{}}],"line":52},"8":{"loc":{"start":{"line":61,"column":4},"end":{"line":63,"column":5}},"type":"if","locations":[{"start":{"line":61,"column":4},"end":{"line":63,"column":5}},{"start":{},"end":{}}],"line":61},"9":{"loc":{"start":{"line":65,"column":4},"end":{"line":69,"column":5}},"type":"if","locations":[{"start":{"line":65,"column":4},"end":{"line":69,"column":5}},{"start":{"line":67,"column":11},"end":{"line":69,"column":5}}],"line":65},"10":{"loc":{"start":{"line":65,"column":8},"end":{"line":65,"column":30}},"type":"binary-expr","locations":[{"start":{"line":65,"column":8},"end":{"line":65,"column":12}},{"start":{"line":65,"column":16},"end":{"line":65,"column":30}}],"line":65},"11":{"loc":{"start":{"line":76,"column":2},"end":{"line":78,"column":3}},"type":"if","locations":[{"start":{"line":76,"column":2},"end":{"line":78,"column":3}},{"start":{},"end":{}}],"line":76},"12":{"loc":{"start":{"line":76,"column":6},"end":{"line":76,"column":92}},"type":"binary-expr","locations":[{"start":{"line":76,"column":6},"end":{"line":76,"column":32}},{"start":{"line":76,"column":36},"end":{"line":76,"column":46}},{"start":{"line":76,"column":50},"end":{"line":76,"column":63}},{"start":{"line":76,"column":67},"end":{"line":76,"column":92}}],"line":76},"13":{"loc":{"start":{"line":94,"column":0},"end":{"line":98,"column":1}},"type":"if","locations":[{"start":{"line":94,"column":0},"end":{"line":98,"column":1}},{"start":{},"end":{}}],"line":94}},"s":{"0":1,"1":1,"2":1,"3":1,"4":6,"5":6,"6":1,"7":5,"8":5,"9":2,"10":3,"11":1,"12":8,"13":8,"14":2,"15":6,"16":6,"17":3,"18":3,"19":43,"20":4,"21":39,"22":39,"23":39,"24":39,"25":6,"26":33,"27":33,"28":33,"29":104,"30":104,"31":104,"32":0,"33":104,"34":24,"35":80,"36":33,"37":42,"38":11,"39":31,"40":31,"41":31,"42":31,"43":31,"44":403,"45":80,"46":80,"47":31,"48":1,"49":0,"50":0,"51":1},"f":{"0":6,"1":8,"2":43,"3":42,"4":0},"b":{"0":[1,1],"1":[1,5],"2":[2,3],"3":[2,6],"4":[3,3],"5":[4,39],"6":[43,40],"7":[6,33],"8":[0,104],"9":[24,80],"10":[104,71],"11":[11,31],"12":[42,39,35,33],"13":[0,1]},"_coverageSchema":"1a1c01bbd47fc00a2c39e90264f33305004495a9","hash":"a2443c78907e33e3b5797f78586b5c1110d7d0c9"}
}
