TN:
SF:romanos.js
FN:6,(anonymous_0)
FN:21,(anonymous_1)
FN:35,romanToArabic
FN:75,arabicToRoman
FN:95,(anonymous_4)
FNF:5
FNH:4
FNDA:6,(anonymous_0)
FNDA:8,(anonymous_1)
FNDA:43,romanToArabic
FNDA:42,arabicToRoman
FNDA:0,(anonymous_4)
DA:1,1
DA:2,1
DA:3,1
DA:6,1
DA:7,6
DA:8,6
DA:9,1
DA:12,5
DA:13,5
DA:14,2
DA:17,3
DA:21,1
DA:22,8
DA:23,8
DA:24,2
DA:27,6
DA:28,6
DA:29,3
DA:32,3
DA:36,43
DA:37,4
DA:40,39
DA:41,39
DA:51,39
DA:52,39
DA:53,6
DA:56,33
DA:57,33
DA:58,104
DA:59,104
DA:61,104
DA:62,0
DA:65,104
DA:66,24
DA:68,80
DA:72,33
DA:76,42
DA:77,11
DA:80,31
DA:81,31
DA:83,31
DA:84,31
DA:85,403
DA:86,80
DA:87,80
DA:91,31
DA:94,1
DA:95,0
DA:96,0
DA:101,1
LF:50
LH:47
BRDA:3,0,0,1
BRDA:3,0,1,1
BRDA:8,1,0,1
BRDA:8,1,1,5
BRDA:13,2,0,2
BRDA:13,2,1,3
BRDA:23,3,0,2
BRDA:23,3,1,6
BRDA:28,4,0,3
BRDA:28,4,1,3
BRDA:36,5,0,4
BRDA:36,5,1,39
BRDA:36,6,0,43
BRDA:36,6,1,40
BRDA:52,7,0,6
BRDA:52,7,1,33
BRDA:61,8,0,0
BRDA:61,8,1,104
BRDA:65,9,0,24
BRDA:65,9,1,80
BRDA:65,10,0,104
BRDA:65,10,1,71
BRDA:76,11,0,11
BRDA:76,11,1,31
BRDA:76,12,0,42
BRDA:76,12,1,39
BRDA:76,12,2,35
BRDA:76,12,3,33
BRDA:94,13,0,0
BRDA:94,13,1,1
BRF:30
BRH:28
end_of_record
